# JRE version: OpenJDK Runtime Environment (17.0.10+7) (build 17.0.10+7-Ubuntu-123.10.1)
# Java VM: OpenJDK 64-Bit Server VM (17.0.10+7-Ubuntu-123.10.1, mixed mode, emulated-client, sharing, tiered, compressed oops, compressed class ptrs, g1 gc, linux-amd64)
Heap:
 garbage-first heap   total 81920K, used 19700K [0x0000000610800000, 0x0000000800000000)
  region size 4096K, 4 young (16384K), 3 survivors (12288K)
 Metaspace       used 26541K, committed 27072K, reserved 1114112K
  class space    used 3669K, committed 3904K, reserved 1048576K
GC Heap History (10 events):
Event: 0.295 GC heap before
{Heap before GC invocations=0 (full 0):
 garbage-first heap   total 516096K, used 28592K [0x0000000610800000, 0x0000000800000000)
  region size 4096K, 6 young (24576K), 0 survivors (0K)
 Metaspace       used 5831K, committed 6080K, reserved 1114112K
  class space    used 826K, committed 960K, reserved 1048576K
}
Event: 0.298 GC heap after
{Heap after GC invocations=1 (full 0):
 garbage-first heap   total 516096K, used 8007K [0x0000000610800000, 0x0000000800000000)
  region size 4096K, 1 young (4096K), 1 survivors (4096K)
 Metaspace       used 5831K, committed 6080K, reserved 1114112K
  class space    used 826K, committed 960K, reserved 1048576K
}
Event: 0.426 GC heap before
{Heap before GC invocations=1 (full 0):
 garbage-first heap   total 516096K, used 32583K [0x0000000610800000, 0x0000000800000000)
  region size 4096K, 7 young (28672K), 1 survivors (4096K)
 Metaspace       used 11550K, committed 11776K, reserved 1114112K
  class space    used 1554K, committed 1664K, reserved 1048576K
}
Event: 0.428 GC heap after
{Heap after GC invocations=2 (full 0):
 garbage-first heap   total 516096K, used 9498K [0x0000000610800000, 0x0000000800000000)
  region size 4096K, 1 young (4096K), 1 survivors (4096K)
 Metaspace       used 11550K, committed 11776K, reserved 1114112K
  class space    used 1554K, committed 1664K, reserved 1048576K
}
Event: 0.836 GC heap before
{Heap before GC invocations=2 (full 0):
 garbage-first heap   total 516096K, used 62746K [0x0000000610800000, 0x0000000800000000)
  region size 4096K, 14 young (57344K), 1 survivors (4096K)
 Metaspace       used 20487K, committed 20864K, reserved 1114112K
  class space    used 2850K, committed 3008K, reserved 1048576K
}
Event: 0.839 GC heap after
{Heap after GC invocations=3 (full 0):
 garbage-first heap   total 516096K, used 14076K [0x0000000610800000, 0x0000000800000000)
  region size 4096K, 2 young (8192K), 2 survivors (8192K)
 Metaspace       used 20487K, committed 20864K, reserved 1114112K
  class space    used 2850K, committed 3008K, reserved 1048576K
}
Event: 0.863 GC heap before
{Heap before GC invocations=3 (full 0):
 garbage-first heap   total 516096K, used 14076K [0x0000000610800000, 0x0000000800000000)
  region size 4096K, 3 young (12288K), 2 survivors (8192K)
 Metaspace       used 21136K, committed 21504K, reserved 1114112K
  class space    used 2922K, committed 3072K, reserved 1048576K
}
Event: 0.866 GC heap after
{Heap after GC invocations=4 (full 0):
 garbage-first heap   total 516096K, used 14524K [0x0000000610800000, 0x0000000800000000)
  region size 4096K, 2 young (8192K), 2 survivors (8192K)
 Metaspace       used 21136K, committed 21504K, reserved 1114112K
  class space    used 2922K, committed 3072K, reserved 1048576K
}
Event: 22.958 GC heap before
{Heap before GC invocations=5 (full 0):
 garbage-first heap   total 81920K, used 55484K [0x0000000610800000, 0x0000000800000000)
  region size 4096K, 13 young (53248K), 2 survivors (8192K)
 Metaspace       used 25927K, committed 26432K, reserved 1114112K
  class space    used 3580K, committed 3840K, reserved 1048576K
}
Event: 22.962 GC heap after
{Heap after GC invocations=6 (full 0):
 garbage-first heap   total 81920K, used 16712K [0x0000000610800000, 0x0000000800000000)
  region size 4096K, 3 young (12288K), 3 survivors (12288K)
 Metaspace       used 25927K, committed 26432K, reserved 1114112K
  class space    used 3580K, committed 3840K, reserved 1048576K
}

