# JRE version: OpenJDK Runtime Environment (17.0.10+7) (build 17.0.10+7-Ubuntu-123.10.1)
# Java VM: OpenJDK 64-Bit Server VM (17.0.10+7-Ubuntu-123.10.1, mixed mode, emulated-client, sharing, tiered, compressed oops, compressed class ptrs, g1 gc, linux-amd64)
Heap:
 garbage-first heap   total 81920K, used 59436K [0x0000000610800000, 0x0000000800000000)
  region size 4096K, 13 young (53248K), 2 survivors (8192K)
 Metaspace       used 26549K, committed 27072K, reserved 1114112K
  class space    used 3669K, committed 3904K, reserved 1048576K
GC Heap History (8 events):
Event: 0.298 GC heap before
{Heap before GC invocations=0 (full 0):
 garbage-first heap   total 516096K, used 28592K [0x0000000610800000, 0x0000000800000000)
  region size 4096K, 6 young (24576K), 0 survivors (0K)
 Metaspace       used 6023K, committed 6272K, reserved 1114112K
  class space    used 855K, committed 960K, reserved 1048576K
}
Event: 0.301 GC heap after
{Heap after GC invocations=1 (full 0):
 garbage-first heap   total 516096K, used 8017K [0x0000000610800000, 0x0000000800000000)
  region size 4096K, 1 young (4096K), 1 survivors (4096K)
 Metaspace       used 6023K, committed 6272K, reserved 1114112K
  class space    used 855K, committed 960K, reserved 1048576K
}
Event: 0.408 GC heap before
{Heap before GC invocations=1 (full 0):
 garbage-first heap   total 516096K, used 32593K [0x0000000610800000, 0x0000000800000000)
  region size 4096K, 7 young (28672K), 1 survivors (4096K)
 Metaspace       used 11588K, committed 11776K, reserved 1114112K
  class space    used 1561K, committed 1664K, reserved 1048576K
}
Event: 0.410 GC heap after
{Heap after GC invocations=2 (full 0):
 garbage-first heap   total 516096K, used 9476K [0x0000000610800000, 0x0000000800000000)
  region size 4096K, 1 young (4096K), 1 survivors (4096K)
 Metaspace       used 11588K, committed 11776K, reserved 1114112K
  class space    used 1561K, committed 1664K, reserved 1048576K
}
Event: 0.811 GC heap before
{Heap before GC invocations=2 (full 0):
 garbage-first heap   total 516096K, used 62724K [0x0000000610800000, 0x0000000800000000)
  region size 4096K, 14 young (57344K), 1 survivors (4096K)
 Metaspace       used 20452K, committed 20864K, reserved 1114112K
  class space    used 2846K, committed 3008K, reserved 1048576K
}
Event: 0.814 GC heap after
{Heap after GC invocations=3 (full 0):
 garbage-first heap   total 516096K, used 13984K [0x0000000610800000, 0x0000000800000000)
  region size 4096K, 2 young (8192K), 2 survivors (8192K)
 Metaspace       used 20452K, committed 20864K, reserved 1114112K
  class space    used 2846K, committed 3008K, reserved 1048576K
}
Event: 0.836 GC heap before
{Heap before GC invocations=3 (full 0):
 garbage-first heap   total 516096K, used 13984K [0x0000000610800000, 0x0000000800000000)
  region size 4096K, 3 young (12288K), 2 survivors (8192K)
 Metaspace       used 21098K, committed 21504K, reserved 1114112K
  class space    used 2915K, committed 3072K, reserved 1048576K
}
Event: 0.838 GC heap after
{Heap after GC invocations=4 (full 0):
 garbage-first heap   total 516096K, used 14531K [0x0000000610800000, 0x0000000800000000)
  region size 4096K, 2 young (8192K), 2 survivors (8192K)
 Metaspace       used 21098K, committed 21504K, reserved 1114112K
  class space    used 2915K, committed 3072K, reserved 1048576K
}

