# JRE version: OpenJDK Runtime Environment (17.0.10+7) (build 17.0.10+7-Ubuntu-123.10.1)
# Java VM: OpenJDK 64-Bit Server VM (17.0.10+7-Ubuntu-123.10.1, mixed mode, emulated-client, sharing, tiered, compressed oops, compressed class ptrs, g1 gc, linux-amd64)
Heap:
 garbage-first heap   total 81920K, used 57285K [0x0000000610800000, 0x0000000800000000)
  region size 4096K, 13 young (53248K), 2 survivors (8192K)
 Metaspace       used 24983K, committed 25408K, reserved 1114112K
  class space    used 3476K, committed 3648K, reserved 1048576K
GC Heap History (8 events):
Event: 0.332 GC heap before
{Heap before GC invocations=0 (full 0):
 garbage-first heap   total 516096K, used 28592K [0x0000000610800000, 0x0000000800000000)
  region size 4096K, 6 young (24576K), 0 survivors (0K)
 Metaspace       used 5872K, committed 6080K, reserved 1114112K
  class space    used 834K, committed 960K, reserved 1048576K
}
Event: 0.334 GC heap after
{Heap after GC invocations=1 (full 0):
 garbage-first heap   total 516096K, used 7992K [0x0000000610800000, 0x0000000800000000)
  region size 4096K, 1 young (4096K), 1 survivors (4096K)
 Metaspace       used 5872K, committed 6080K, reserved 1114112K
  class space    used 834K, committed 960K, reserved 1048576K
}
Event: 0.449 GC heap before
{Heap before GC invocations=1 (full 0):
 garbage-first heap   total 516096K, used 32568K [0x0000000610800000, 0x0000000800000000)
  region size 4096K, 7 young (28672K), 1 survivors (4096K)
 Metaspace       used 11657K, committed 11840K, reserved 1114112K
  class space    used 1571K, committed 1664K, reserved 1048576K
}
Event: 0.452 GC heap after
{Heap after GC invocations=2 (full 0):
 garbage-first heap   total 516096K, used 9514K [0x0000000610800000, 0x0000000800000000)
  region size 4096K, 1 young (4096K), 1 survivors (4096K)
 Metaspace       used 11657K, committed 11840K, reserved 1114112K
  class space    used 1571K, committed 1664K, reserved 1048576K
}
Event: 0.871 GC heap before
{Heap before GC invocations=2 (full 0):
 garbage-first heap   total 516096K, used 62762K [0x0000000610800000, 0x0000000800000000)
  region size 4096K, 14 young (57344K), 1 survivors (4096K)
 Metaspace       used 20528K, committed 20992K, reserved 1114112K
  class space    used 2856K, committed 3072K, reserved 1048576K
}
Event: 0.874 GC heap after
{Heap after GC invocations=3 (full 0):
 garbage-first heap   total 516096K, used 14012K [0x0000000610800000, 0x0000000800000000)
  region size 4096K, 2 young (8192K), 2 survivors (8192K)
 Metaspace       used 20528K, committed 20992K, reserved 1114112K
  class space    used 2856K, committed 3072K, reserved 1048576K
}
Event: 0.893 GC heap before
{Heap before GC invocations=3 (full 0):
 garbage-first heap   total 516096K, used 14012K [0x0000000610800000, 0x0000000800000000)
  region size 4096K, 3 young (12288K), 2 survivors (8192K)
 Metaspace       used 21098K, committed 21504K, reserved 1114112K
  class space    used 2915K, committed 3072K, reserved 1048576K
}
Event: 0.896 GC heap after
{Heap after GC invocations=4 (full 0):
 garbage-first heap   total 516096K, used 14357K [0x0000000610800000, 0x0000000800000000)
  region size 4096K, 2 young (8192K), 2 survivors (8192K)
 Metaspace       used 21098K, committed 21504K, reserved 1114112K
  class space    used 2915K, committed 3072K, reserved 1048576K
}

