# JRE version: OpenJDK Runtime Environment (17.0.10+7) (build 17.0.10+7-Ubuntu-123.10.1)
# Java VM: OpenJDK 64-Bit Server VM (17.0.10+7-Ubuntu-123.10.1, mixed mode, sharing, tiered, compressed oops, compressed class ptrs, g1 gc, linux-amd64)
Heap:
 garbage-first heap   total 122880K, used 47764K [0x0000000610800000, 0x0000000800000000)
  region size 4096K, 5 young (20480K), 2 survivors (8192K)
 Metaspace       used 25138K, committed 25472K, reserved 1114112K
  class space    used 2832K, committed 3008K, reserved 1048576K
GC Heap History (12 events):
Event: 0.333 GC heap before
{Heap before GC invocations=0 (full 0):
 garbage-first heap   total 516096K, used 28592K [0x0000000610800000, 0x0000000800000000)
  region size 4096K, 6 young (24576K), 0 survivors (0K)
 Metaspace       used 5420K, committed 5568K, reserved 1114112K
  class space    used 635K, committed 704K, reserved 1048576K
}
Event: 0.335 GC heap after
{Heap after GC invocations=1 (full 0):
 garbage-first heap   total 516096K, used 7092K [0x0000000610800000, 0x0000000800000000)
  region size 4096K, 1 young (4096K), 1 survivors (4096K)
 Metaspace       used 5420K, committed 5568K, reserved 1114112K
  class space    used 635K, committed 704K, reserved 1048576K
}
Event: 0.685 GC heap before
{Heap before GC invocations=1 (full 0):
 garbage-first heap   total 516096K, used 35764K [0x0000000610800000, 0x0000000800000000)
  region size 4096K, 8 young (32768K), 1 survivors (4096K)
 Metaspace       used 11120K, committed 11264K, reserved 1114112K
  class space    used 1348K, committed 1408K, reserved 1048576K
}
Event: 0.688 GC heap after
{Heap after GC invocations=2 (full 0):
 garbage-first heap   total 516096K, used 9138K [0x0000000610800000, 0x0000000800000000)
  region size 4096K, 1 young (4096K), 1 survivors (4096K)
 Metaspace       used 11120K, committed 11264K, reserved 1114112K
  class space    used 1348K, committed 1408K, reserved 1048576K
}
Event: 1.475 GC heap before
{Heap before GC invocations=2 (full 0):
 garbage-first heap   total 516096K, used 148402K [0x0000000610800000, 0x0000000800000000)
  region size 4096K, 28 young (114688K), 1 survivors (4096K)
 Metaspace       used 21255K, committed 21504K, reserved 1114112K
  class space    used 2444K, committed 2560K, reserved 1048576K
}
Event: 1.480 GC heap after
{Heap after GC invocations=3 (full 0):
 garbage-first heap   total 516096K, used 24689K [0x0000000610800000, 0x0000000800000000)
  region size 4096K, 5 young (20480K), 5 survivors (20480K)
 Metaspace       used 21255K, committed 21504K, reserved 1114112K
  class space    used 2444K, committed 2560K, reserved 1048576K
}
Event: 1.856 GC heap before
{Heap before GC invocations=4 (full 0):
 garbage-first heap   total 122880K, used 77937K [0x0000000610800000, 0x0000000800000000)
  region size 4096K, 18 young (73728K), 5 survivors (20480K)
 Metaspace       used 23986K, committed 24256K, reserved 1114112K
  class space    used 2729K, committed 2880K, reserved 1048576K
}
Event: 1.862 GC heap after
{Heap after GC invocations=5 (full 0):
 garbage-first heap   total 122880K, used 32877K [0x0000000610800000, 0x0000000800000000)
  region size 4096K, 3 young (12288K), 3 survivors (12288K)
 Metaspace       used 23986K, committed 24256K, reserved 1114112K
  class space    used 2729K, committed 2880K, reserved 1048576K
}
Event: 1.869 GC heap before
{Heap before GC invocations=5 (full 0):
 garbage-first heap   total 122880K, used 36973K [0x0000000610800000, 0x0000000800000000)
  region size 4096K, 4 young (16384K), 3 survivors (12288K)
 Metaspace       used 23993K, committed 24256K, reserved 1114112K
  class space    used 2729K, committed 2880K, reserved 1048576K
}
Event: 1.877 GC heap after
{Heap after GC invocations=6 (full 0):
 garbage-first heap   total 122880K, used 35165K [0x0000000610800000, 0x0000000800000000)
  region size 4096K, 1 young (4096K), 1 survivors (4096K)
 Metaspace       used 23993K, committed 24256K, reserved 1114112K
  class space    used 2729K, committed 2880K, reserved 1048576K
}
Event: 1.991 GC heap before
{Heap before GC invocations=6 (full 0):
 garbage-first heap   total 122880K, used 72029K [0x0000000610800000, 0x0000000800000000)
  region size 4096K, 10 young (40960K), 1 survivors (4096K)
 Metaspace       used 24322K, committed 24576K, reserved 1114112K
  class space    used 2744K, committed 2880K, reserved 1048576K
}
Event: 1.994 GC heap after
{Heap after GC invocations=7 (full 0):
 garbage-first heap   total 122880K, used 37782K [0x0000000610800000, 0x0000000800000000)
  region size 4096K, 2 young (8192K), 2 survivors (8192K)
 Metaspace       used 24322K, committed 24576K, reserved 1114112K
  class space    used 2744K, committed 2880K, reserved 1048576K
}

